TN:
SF:contracts/BetPat.sol
FN:12,BetPat.
FNDA:3,BetPat.
DA:13,3
DA:14,3
FN:19,BetPat.getA
FNDA:3,BetPat.getA
DA:20,3
FN:25,BetPat.getB
FNDA:3,BetPat.getB
DA:26,3
FN:31,BetPat.viewVolume
FNDA:0,BetPat.viewVolume
DA:32,0
FN:37,BetPat.placeBets
FNDA:1,BetPat.placeBets
DA:38,1
BRDA:38,0,0,-
BRDA:38,0,1,1
DA:39,1
FN:44,BetPat.placeBetsJag
FNDA:1,BetPat.placeBetsJag
DA:45,1
BRDA:45,1,0,-
BRDA:45,1,1,1
DA:46,1
FNF:6
FNH:5
LF:9
LH:8
BRF:4
BRH:2
end_of_record
TN:
SF:contracts/BetPayout.sol
FN:12,BetPayout.payOutWinnings
FNDA:0,BetPayout.payOutWinnings
FN:18,BetPayout.transferToHouse
FNDA:0,BetPayout.transferToHouse
FNF:2
FNH:0
LF:0
LH:0
BRF:0
BRH:0
end_of_record
TN:
SF:contracts/Bets.sol
FN:33,Bets.
FNDA:1,Bets.
DA:38,1
DA:39,1
FN:44,Bets.createMatch
FNDA:1,Bets.createMatch
DA:45,1
BRDA:45,0,0,-
BRDA:45,0,1,1
DA:46,1
DA:47,1
DA:48,1
FN:55,Bets.placeBet
FNDA:0,Bets.placeBet
DA:60,0
BRDA:60,1,0,-
BRDA:60,1,1,-
DA:61,0
BRDA:61,2,0,-
BRDA:61,2,1,-
DA:62,0
DA:63,0
BRDA:63,3,0,-
BRDA:63,3,1,-
DA:66,0
BRDA:66,4,0,-
BRDA:65,4,1,-
DA:68,0
DA:69,0
DA:70,0
DA:72,0
DA:74,0
DA:75,0
DA:76,0
DA:79,0
FN:85,Bets.getTeamAPrice
FNDA:0,Bets.getTeamAPrice
DA:86,0
DA:87,0
FN:93,Bets.getTeamBPrice
FNDA:0,Bets.getTeamBPrice
DA:94,0
DA:95,0
FN:101,Bets.getTeamAPercentage
FNDA:0,Bets.getTeamAPercentage
DA:102,0
DA:103,0
FN:109,Bets.getTeamBPercentage
FNDA:0,Bets.getTeamBPercentage
DA:110,0
DA:111,0
FN:117,Bets.getTotalPool
FNDA:0,Bets.getTotalPool
DA:118,0
FN:124,Bets.getTeamAVolume
FNDA:0,Bets.getTeamAVolume
DA:125,0
FN:131,Bets.getTeamBVolume
FNDA:0,Bets.getTeamBVolume
DA:132,0
FN:136,Bets.withdraw
FNDA:0,Bets.withdraw
DA:137,0
DA:138,0
BRDA:138,5,0,-
BRDA:138,5,1,-
DA:140,0
FN:145,Bets.getContractBalance
FNDA:0,Bets.getContractBalance
DA:146,0
FNF:12
FNH:2
LF:34
LH:6
BRF:12
BRH:1
end_of_record
TN:
SF:contracts/Disableable.sol
FN:11,Disableable.notDisabled
FNDA:2,Disableable.notDisabled
DA:12,2
BRDA:12,0,0,-
BRDA:12,0,1,-
FN:16,Disableable.disable
FNDA:3,Disableable.disable
DA:17,3
FN:20,Disableable.enable
FNDA:1,Disableable.enable
DA:21,1
FN:24,Disableable.protectedFunction
FNDA:2,Disableable.protectedFunction
FN:28,Disableable.anotherProtectedFunction
FNDA:0,Disableable.anotherProtectedFunction
FNF:5
FNH:4
LF:3
LH:3
BRF:2
BRH:0
end_of_record
TN:
SF:contracts/Main.sol
FN:9,Main.getAddress
FNDA:1,Main.getAddress
DA:10,1
FNF:1
FNH:1
LF:1
LH:1
BRF:0
BRH:0
end_of_record
TN:
SF:contracts/Migrations.sol
FN:11,Migrations.
FNDA:1,Migrations.
DA:12,1
FN:16,Migrations.restricted
FNDA:0,Migrations.restricted
DA:17,0
BRDA:17,0,0,-
BRDA:17,0,1,1
FN:23,Migrations.setCompleted
FNDA:1,Migrations.setCompleted
DA:24,1
FN:29,Migrations.upgrade
FNDA:0,Migrations.upgrade
DA:30,0
DA:31,0
FN:36,Migrations.getLastMigratedVersion
FNDA:0,Migrations.getLastMigratedVersion
DA:37,0
FNF:5
FNH:2
LF:6
LH:2
BRF:2
BRH:1
end_of_record
TN:
SF:node_modules/@openzeppelin/contracts/access/Ownable.sol
FN:38,Ownable.
FNDA:0,Ownable.
DA:39,0
BRDA:39,0,0,-
DA:40,0
DA:42,0
FN:48,Ownable.onlyOwner
FNDA:0,Ownable.onlyOwner
DA:49,0
FN:56,Ownable.owner
FNDA:0,Ownable.owner
DA:57,0
FN:63,Ownable._checkOwner
FNDA:0,Ownable._checkOwner
DA:64,0
BRDA:64,1,0,-
DA:65,0
FN:76,Ownable.renounceOwnership
FNDA:0,Ownable.renounceOwnership
DA:77,0
FN:84,Ownable.transferOwnership
FNDA:0,Ownable.transferOwnership
DA:85,0
BRDA:85,2,0,-
DA:86,0
DA:88,0
FN:95,Ownable._transferOwnership
FNDA:0,Ownable._transferOwnership
DA:96,0
DA:97,0
DA:98,0
FNF:7
FNH:0
LF:14
LH:0
BRF:3
BRH:0
end_of_record
TN:
SF:node_modules/@openzeppelin/contracts/utils/Context.sol
FN:17,Context._msgSender
FNDA:0,Context._msgSender
DA:18,0
FN:21,Context._msgData
FNDA:0,Context._msgData
DA:22,0
FN:25,Context._contextSuffixLength
FNDA:0,Context._contextSuffixLength
DA:26,0
FNF:3
FNH:0
LF:3
LH:0
BRF:0
BRH:0
end_of_record
TN:
SF:node_modules/@openzeppelin/contracts/utils/Panic.sol
FN:50,Panic.panic
FNDA:0,Panic.panic
DA:52,0
DA:53,0
DA:54,0
FNF:1
FNH:0
LF:3
LH:0
BRF:0
BRH:0
end_of_record
TN:
SF:node_modules/@openzeppelin/contracts/utils/math/Math.sol
FN:23,Math.tryAdd
FNDA:0,Math.tryAdd
DA:25,0
DA:26,0
DA:27,0
FN:34,Math.trySub
FNDA:0,Math.trySub
DA:36,0
DA:37,0
FN:44,Math.tryMul
FNDA:0,Math.tryMul
DA:49,0
DA:50,0
DA:51,0
DA:52,0
FN:59,Math.tryDiv
FNDA:0,Math.tryDiv
DA:61,0
DA:62,0
FN:69,Math.tryMod
FNDA:0,Math.tryMod
DA:71,0
DA:72,0
FN:83,Math.ternary
FNDA:0,Math.ternary
DA:88,0
FN:95,Math.max
FNDA:0,Math.max
DA:96,0
FN:102,Math.min
FNDA:0,Math.min
DA:103,0
FN:110,Math.average
FNDA:0,Math.average
DA:112,0
FN:121,Math.ceilDiv
FNDA:0,Math.ceilDiv
DA:122,0
BRDA:122,6,0,-
DA:124,0
DA:133,0
FN:144,Math.mulDiv
FNDA:0,Math.mulDiv
DA:149,0
DA:150,0
DA:152,0
DA:153,0
DA:158,0
BRDA:158,7,0,-
DA:161,0
DA:165,0
DA:166,0
BRDA:166,8,0,-
DA:175,0
DA:177,0
DA:180,0
DA:181,0
DA:187,0
DA:190,0
DA:193,0
DA:196,0
DA:202,0
DA:207,0
DA:209,0
DA:210,0
DA:211,0
DA:212,0
DA:213,0
DA:216,0
DA:225,0
DA:226,0
FN:228,Math.mulDiv
FNDA:0,Math.mulDiv
DA:229,0
FN:244,Math.invMod
FNDA:0,Math.invMod
DA:247,0
DA:258,0
DA:259,0
DA:264,0
DA:265,0
DA:267,0
DA:268,0
DA:278,0
DA:287,0
FN:301,Math.invModPrime
FNDA:0,Math.invModPrime
DA:307,0
FN:319,Math.modExp
FNDA:0,Math.modExp
DA:322,0
DA:324,0
BRDA:324,11,0,-
DA:327,0
DA:328,0
FN:337,Math.tryModExp
FNDA:0,Math.tryModExp
DA:340,0
DA:341,0
DA:351,0
DA:352,0
DA:353,0
DA:354,0
DA:356,0
DA:359,0
DA:364,0
FN:366,Math.modExp
FNDA:0,Math.modExp
DA:368,0
DA:369,0
DA:371,0
BRDA:371,13,0,-
DA:374,0
DA:375,0
FN:380,Math.tryModExp
FNDA:0,Math.tryModExp
DA:386,0
DA:389,0
DA:391,0
DA:393,0
DA:396,0
DA:402,0
FN:405,Math._zeroBytes
FNDA:0,Math._zeroBytes
DA:407,0
DA:408,0
DA:410,0
DA:411,0
BRDA:411,15,0,-
DA:414,0
FN:422,Math.sqrt
FNDA:0,Math.sqrt
DA:427,0
BRDA:427,16,0,-
DA:444,0
DA:445,0
DA:446,0
DA:447,0
BRDA:447,17,0,-
DA:448,0
DA:450,0
DA:451,0
BRDA:451,18,0,-
DA:452,0
DA:454,0
DA:455,0
BRDA:455,19,0,-
DA:456,0
DA:458,0
DA:459,0
BRDA:459,20,0,-
DA:460,0
DA:462,0
DA:463,0
BRDA:463,21,0,-
DA:464,0
DA:466,0
DA:467,0
BRDA:467,22,0,-
DA:470,0
BRDA:470,23,0,-
DA:478,0
DA:513,0
DA:514,0
DA:515,0
DA:516,0
DA:517,0
DA:519,0
DA:529,0
FN:532,Math.sqrt
FNDA:0,Math.sqrt
DA:537,0
DA:538,0
DA:539,0
DA:540,0
FN:545,Math.log2
FNDA:0,Math.log2
DA:548,0
DA:550,0
DA:552,0
DA:553,0
DA:554,0
DA:556,0
DA:557,0
DA:558,0
DA:560,0
DA:561,0
DA:562,0
DA:564,0
DA:565,0
DA:566,0
DA:568,0
DA:569,0
DA:570,0
DA:573,0
DA:574,0
DA:578,0
DA:579,0
DA:581,0
FN:584,Math.log2
FNDA:0,Math.log2
DA:589,0
DA:590,0
DA:592,0
FN:597,Math.log10
FNDA:0,Math.log10
DA:600,0
DA:602,0
DA:603,0
BRDA:603,24,0,-
DA:604,0
DA:606,0
DA:607,0
BRDA:607,25,0,-
DA:608,0
DA:610,0
DA:611,0
BRDA:611,26,0,-
DA:612,0
DA:615,0
BRDA:615,27,0,-
DA:616,0
DA:617,0
DA:619,0
BRDA:619,28,0,-
DA:620,0
DA:621,0
DA:624,0
DA:626,0
DA:627,0
BRDA:627,29,0,-
DA:628,0
BRDA:628,30,0,-
DA:629,0
DA:630,0
FN:633,Math.log10
FNDA:0,Math.log10
DA:638,0
DA:639,0
DA:640,0
FN:648,Math.log256
FNDA:0,Math.log256
DA:651,0
DA:653,0
DA:655,0
DA:656,0
DA:657,0
DA:659,0
DA:660,0
DA:661,0
DA:663,0
DA:664,0
DA:666,0
DA:669,0
DA:670,0
DA:672,0
FN:675,Math.log256
FNDA:0,Math.log256
DA:680,0
DA:682,0
FN:0,Math.unsignedRoundsUp
FNDA:0,Math.unsignedRoundsUp
FNF:28
FNH:0
LF:185
LH:0
BRF:21
BRH:0
end_of_record
TN:
SF:node_modules/@openzeppelin/contracts/utils/math/SafeCast.sol
FN:50,SafeCast.toUint248
FNDA:0,SafeCast.toUint248
DA:51,0
BRDA:51,0,0,-
DA:52,0
DA:54,0
FN:67,SafeCast.toUint240
FNDA:0,SafeCast.toUint240
DA:68,0
BRDA:68,1,0,-
DA:69,0
DA:71,0
FN:84,SafeCast.toUint232
FNDA:0,SafeCast.toUint232
DA:85,0
BRDA:85,2,0,-
DA:86,0
DA:88,0
FN:101,SafeCast.toUint224
FNDA:0,SafeCast.toUint224
DA:102,0
BRDA:102,3,0,-
DA:103,0
DA:105,0
FN:118,SafeCast.toUint216
FNDA:0,SafeCast.toUint216
DA:119,0
BRDA:119,4,0,-
DA:120,0
DA:122,0
FN:135,SafeCast.toUint208
FNDA:0,SafeCast.toUint208
DA:136,0
BRDA:136,5,0,-
DA:137,0
DA:139,0
FN:152,SafeCast.toUint200
FNDA:0,SafeCast.toUint200
DA:153,0
BRDA:153,6,0,-
DA:154,0
DA:156,0
FN:169,SafeCast.toUint192
FNDA:0,SafeCast.toUint192
DA:170,0
BRDA:170,7,0,-
DA:171,0
DA:173,0
FN:186,SafeCast.toUint184
FNDA:0,SafeCast.toUint184
DA:187,0
BRDA:187,8,0,-
DA:188,0
DA:190,0
FN:203,SafeCast.toUint176
FNDA:0,SafeCast.toUint176
DA:204,0
BRDA:204,9,0,-
DA:205,0
DA:207,0
FN:220,SafeCast.toUint168
FNDA:0,SafeCast.toUint168
DA:221,0
BRDA:221,10,0,-
DA:222,0
DA:224,0
FN:237,SafeCast.toUint160
FNDA:0,SafeCast.toUint160
DA:238,0
BRDA:238,11,0,-
DA:239,0
DA:241,0
FN:254,SafeCast.toUint152
FNDA:0,SafeCast.toUint152
DA:255,0
BRDA:255,12,0,-
DA:256,0
DA:258,0
FN:271,SafeCast.toUint144
FNDA:0,SafeCast.toUint144
DA:272,0
BRDA:272,13,0,-
DA:273,0
DA:275,0
FN:288,SafeCast.toUint136
FNDA:0,SafeCast.toUint136
DA:289,0
BRDA:289,14,0,-
DA:290,0
DA:292,0
FN:305,SafeCast.toUint128
FNDA:0,SafeCast.toUint128
DA:306,0
BRDA:306,15,0,-
DA:307,0
DA:309,0
FN:322,SafeCast.toUint120
FNDA:0,SafeCast.toUint120
DA:323,0
BRDA:323,16,0,-
DA:324,0
DA:326,0
FN:339,SafeCast.toUint112
FNDA:0,SafeCast.toUint112
DA:340,0
BRDA:340,17,0,-
DA:341,0
DA:343,0
FN:356,SafeCast.toUint104
FNDA:0,SafeCast.toUint104
DA:357,0
BRDA:357,18,0,-
DA:358,0
DA:360,0
FN:373,SafeCast.toUint96
FNDA:0,SafeCast.toUint96
DA:374,0
BRDA:374,19,0,-
DA:375,0
DA:377,0
FN:390,SafeCast.toUint88
FNDA:0,SafeCast.toUint88
DA:391,0
BRDA:391,20,0,-
DA:392,0
DA:394,0
FN:407,SafeCast.toUint80
FNDA:0,SafeCast.toUint80
DA:408,0
BRDA:408,21,0,-
DA:409,0
DA:411,0
FN:424,SafeCast.toUint72
FNDA:0,SafeCast.toUint72
DA:425,0
BRDA:425,22,0,-
DA:426,0
DA:428,0
FN:441,SafeCast.toUint64
FNDA:0,SafeCast.toUint64
DA:442,0
BRDA:442,23,0,-
DA:443,0
DA:445,0
FN:458,SafeCast.toUint56
FNDA:0,SafeCast.toUint56
DA:459,0
BRDA:459,24,0,-
DA:460,0
DA:462,0
FN:475,SafeCast.toUint48
FNDA:0,SafeCast.toUint48
DA:476,0
BRDA:476,25,0,-
DA:477,0
DA:479,0
FN:492,SafeCast.toUint40
FNDA:0,SafeCast.toUint40
DA:493,0
BRDA:493,26,0,-
DA:494,0
DA:496,0
FN:509,SafeCast.toUint32
FNDA:0,SafeCast.toUint32
DA:510,0
BRDA:510,27,0,-
DA:511,0
DA:513,0
FN:526,SafeCast.toUint24
FNDA:0,SafeCast.toUint24
DA:527,0
BRDA:527,28,0,-
DA:528,0
DA:530,0
FN:543,SafeCast.toUint16
FNDA:0,SafeCast.toUint16
DA:544,0
BRDA:544,29,0,-
DA:545,0
DA:547,0
FN:560,SafeCast.toUint8
FNDA:0,SafeCast.toUint8
DA:561,0
BRDA:561,30,0,-
DA:562,0
DA:564,0
FN:574,SafeCast.toUint256
FNDA:0,SafeCast.toUint256
DA:575,0
BRDA:575,31,0,-
DA:576,0
DA:578,0
FN:592,SafeCast.toInt248
FNDA:0,SafeCast.toInt248
DA:593,0
DA:594,0
BRDA:594,32,0,-
DA:595,0
FN:610,SafeCast.toInt240
FNDA:0,SafeCast.toInt240
DA:611,0
DA:612,0
BRDA:612,33,0,-
DA:613,0
FN:628,SafeCast.toInt232
FNDA:0,SafeCast.toInt232
DA:629,0
DA:630,0
BRDA:630,34,0,-
DA:631,0
FN:646,SafeCast.toInt224
FNDA:0,SafeCast.toInt224
DA:647,0
DA:648,0
BRDA:648,35,0,-
DA:649,0
FN:664,SafeCast.toInt216
FNDA:0,SafeCast.toInt216
DA:665,0
DA:666,0
BRDA:666,36,0,-
DA:667,0
FN:682,SafeCast.toInt208
FNDA:0,SafeCast.toInt208
DA:683,0
DA:684,0
BRDA:684,37,0,-
DA:685,0
FN:700,SafeCast.toInt200
FNDA:0,SafeCast.toInt200
DA:701,0
DA:702,0
BRDA:702,38,0,-
DA:703,0
FN:718,SafeCast.toInt192
FNDA:0,SafeCast.toInt192
DA:719,0
DA:720,0
BRDA:720,39,0,-
DA:721,0
FN:736,SafeCast.toInt184
FNDA:0,SafeCast.toInt184
DA:737,0
DA:738,0
BRDA:738,40,0,-
DA:739,0
FN:754,SafeCast.toInt176
FNDA:0,SafeCast.toInt176
DA:755,0
DA:756,0
BRDA:756,41,0,-
DA:757,0
FN:772,SafeCast.toInt168
FNDA:0,SafeCast.toInt168
DA:773,0
DA:774,0
BRDA:774,42,0,-
DA:775,0
FN:790,SafeCast.toInt160
FNDA:0,SafeCast.toInt160
DA:791,0
DA:792,0
BRDA:792,43,0,-
DA:793,0
FN:808,SafeCast.toInt152
FNDA:0,SafeCast.toInt152
DA:809,0
DA:810,0
BRDA:810,44,0,-
DA:811,0
FN:826,SafeCast.toInt144
FNDA:0,SafeCast.toInt144
DA:827,0
DA:828,0
BRDA:828,45,0,-
DA:829,0
FN:844,SafeCast.toInt136
FNDA:0,SafeCast.toInt136
DA:845,0
DA:846,0
BRDA:846,46,0,-
DA:847,0
FN:862,SafeCast.toInt128
FNDA:0,SafeCast.toInt128
DA:863,0
DA:864,0
BRDA:864,47,0,-
DA:865,0
FN:880,SafeCast.toInt120
FNDA:0,SafeCast.toInt120
DA:881,0
DA:882,0
BRDA:882,48,0,-
DA:883,0
FN:898,SafeCast.toInt112
FNDA:0,SafeCast.toInt112
DA:899,0
DA:900,0
BRDA:900,49,0,-
DA:901,0
FN:916,SafeCast.toInt104
FNDA:0,SafeCast.toInt104
DA:917,0
DA:918,0
BRDA:918,50,0,-
DA:919,0
FN:934,SafeCast.toInt96
FNDA:0,SafeCast.toInt96
DA:935,0
DA:936,0
BRDA:936,51,0,-
DA:937,0
FN:952,SafeCast.toInt88
FNDA:0,SafeCast.toInt88
DA:953,0
DA:954,0
BRDA:954,52,0,-
DA:955,0
FN:970,SafeCast.toInt80
FNDA:0,SafeCast.toInt80
DA:971,0
DA:972,0
BRDA:972,53,0,-
DA:973,0
FN:988,SafeCast.toInt72
FNDA:0,SafeCast.toInt72
DA:989,0
DA:990,0
BRDA:990,54,0,-
DA:991,0
FN:1006,SafeCast.toInt64
FNDA:0,SafeCast.toInt64
DA:1007,0
DA:1008,0
BRDA:1008,55,0,-
DA:1009,0
FN:1024,SafeCast.toInt56
FNDA:0,SafeCast.toInt56
DA:1025,0
DA:1026,0
BRDA:1026,56,0,-
DA:1027,0
FN:1042,SafeCast.toInt48
FNDA:0,SafeCast.toInt48
DA:1043,0
DA:1044,0
BRDA:1044,57,0,-
DA:1045,0
FN:1060,SafeCast.toInt40
FNDA:0,SafeCast.toInt40
DA:1061,0
DA:1062,0
BRDA:1062,58,0,-
DA:1063,0
FN:1078,SafeCast.toInt32
FNDA:0,SafeCast.toInt32
DA:1079,0
DA:1080,0
BRDA:1080,59,0,-
DA:1081,0
FN:1096,SafeCast.toInt24
FNDA:0,SafeCast.toInt24
DA:1097,0
DA:1098,0
BRDA:1098,60,0,-
DA:1099,0
FN:1114,SafeCast.toInt16
FNDA:0,SafeCast.toInt16
DA:1115,0
DA:1116,0
BRDA:1116,61,0,-
DA:1117,0
FN:1132,SafeCast.toInt8
FNDA:0,SafeCast.toInt8
DA:1133,0
DA:1134,0
BRDA:1134,62,0,-
DA:1135,0
FN:1146,SafeCast.toInt256
FNDA:0,SafeCast.toInt256
DA:1148,0
BRDA:1148,63,0,-
DA:1149,0
DA:1151,0
FN:1157,SafeCast.toUint
FNDA:0,SafeCast.toUint
DA:1159,0
FNF:65
FNH:0
LF:193
LH:0
BRF:64
BRH:0
end_of_record
